<?xml version="1.0" encoding="UTF-8"?>
<testng-results skipped="0" failed="0" total="1" passed="1">
  <reporter-output>
  </reporter-output>
  <suite name="Default suite" duration-ms="8560" started-at="2020-04-26T09:46:29Z" finished-at="2020-04-26T09:46:38Z">
    <groups>
    </groups>
    <test name="Default test" duration-ms="8560" started-at="2020-04-26T09:46:29Z" finished-at="2020-04-26T09:46:38Z">
      <class name="Table">
        <test-method status="PASS" signature="setUp()[pri:0, instance:Table@6279cee3]" name="setUp" is-config="true" duration-ms="6866" started-at="2020-04-26T15:16:29Z" finished-at="2020-04-26T15:16:36Z">
          <reporter-output>
          </reporter-output>
        </test-method> <!-- setUp -->
        <test-method status="PASS" signature="init()[pri:0, instance:Table@6279cee3]" name="init" duration-ms="468" started-at="2020-04-26T15:16:36Z" finished-at="2020-04-26T15:16:37Z">
          <reporter-output>
          </reporter-output>
        </test-method> <!-- init -->
        <test-method status="PASS" signature="teardown()[pri:0, instance:Table@6279cee3]" name="teardown" is-config="true" duration-ms="1205" started-at="2020-04-26T15:16:37Z" finished-at="2020-04-26T15:16:38Z">
          <reporter-output>
          </reporter-output>
        </test-method> <!-- teardown -->
      </class> <!-- Table -->
    </test> <!-- Default test -->
  </suite> <!-- Default suite -->
</testng-results>
